2025-01-10T18:21:15 - Add new feature
2025-01-10T11:12:02 - Update documentation
2025-01-10T09:53:03 - Add new feature
2025-01-10T11:10:46 - Add new feature
2025-01-10T10:32:59 - Add tests
2025-01-10T12:20:40 - Refactor code structure
2025-01-15T10:35:23 - Fix bug in logic
2025-01-15T09:38:48 - Improve performance
2025-01-15T16:02:18 - Remove unused code
2025-01-15T15:04:15 - Remove unused code
2025-01-15T14:06:08 - Refactor code structure
2025-01-16T12:18:43 - Add new feature
2025-01-16T10:26:26 - Update documentation
2025-01-16T15:52:33 - Update documentation
2025-01-16T18:16:24 - Add tests
2025-01-16T12:57:18 - Initial setup
2025-01-13T18:39:10 - Initial setup
2025-01-13T13:49:47 - Fix bug in logic
2025-01-13T16:45:25 - Add new feature
2025-01-13T12:28:53 - Improve performance
2025-01-13T12:52:00 - Add new feature
2025-01-13T13:16:46 - Minor cleanup
2025-01-13T14:12:24 - Refactor code structure
2025-01-22T17:05:49 - Improve performance
